2026-01-15 03:03:53 Loading main app package /opt/Obsidian/resources/obsidian.asar
2026-01-15 03:03:53 Checking for update using Github
2026-01-15 03:03:53 Success.
2026-01-15 03:03:53 Latest version is 1.11.4
2026-01-15 03:03:53 App is up to date.
2026-01-15 03:53:13 Loading main app package /opt/Obsidian/resources/obsidian.asar
2026-01-15 03:53:13 Checking for update using Github
2026-01-15 03:53:13 Success.
2026-01-15 03:53:13 Latest version is 1.11.4
2026-01-15 03:53:13 App is up to date.
2026-01-15 05:05:49 Checking for update using Github
2026-01-15 05:05:49 Success.
2026-01-15 05:05:49 Latest version is 1.11.4
2026-01-15 05:05:49 App is up to date.
2026-01-15 06:05:49 Checking for update using Github
2026-01-15 06:05:49 Success.
2026-01-15 06:05:49 Latest version is 1.11.4
2026-01-15 06:05:49 App is up to date.
2026-01-15 07:05:49 Checking for update using Github
2026-01-15 07:05:49 Success.
2026-01-15 07:05:49 Latest version is 1.11.4
2026-01-15 07:05:49 App is up to date.
2026-01-15 19:02:17 Loading main app package /opt/Obsidian/resources/obsidian.asar
2026-01-15 19:02:18 Checking for update using Github
2026-01-15 19:02:18 Success.
2026-01-15 19:02:18 Latest version is 1.11.4
2026-01-15 19:02:18 App is up to date.
2026-01-15 20:02:17 Checking for update using Github
2026-01-15 20:02:17 Success.
2026-01-15 20:02:17 Latest version is 1.11.4
2026-01-15 20:02:17 App is up to date.
2026-01-15 21:02:17 Checking for update using Github
2026-01-15 21:02:17 Success.
2026-01-15 21:02:17 Latest version is 1.11.4
2026-01-15 21:02:17 App is up to date.
2026-01-15 22:02:18 Checking for update using Github
2026-01-15 22:02:18 Success.
2026-01-15 22:02:18 Latest version is 1.11.4
2026-01-15 22:02:18 App is up to date.
2026-01-15 23:02:18 Checking for update using Github
2026-01-15 23:02:18 Success.
2026-01-15 23:02:18 Latest version is 1.11.4
2026-01-15 23:02:18 App is up to date.
2026-01-16 07:10:53 Checking for update using Github
2026-01-16 07:10:53 Success.
2026-01-16 07:10:53 Latest version is 1.11.4
2026-01-16 07:10:53 App is up to date.
2026-01-16 08:10:53 Checking for update using Github
2026-01-16 08:10:53 Success.
2026-01-16 08:10:53 Latest version is 1.11.4
2026-01-16 08:10:53 App is up to date.
2026-01-16 22:19:24 Checking for update using Github
2026-01-16 22:19:24 Success.
2026-01-16 22:19:24 Latest version is 1.11.4
2026-01-16 22:19:24 App is up to date.
2026-01-17 04:32:31 Checking for update using Github
2026-01-17 04:32:31 Success.
2026-01-17 04:32:31 Latest version is 1.11.4
2026-01-17 04:32:31 App is up to date.
2026-01-17 06:06:15 Checking for update using Github
2026-01-17 06:06:15 Success.
2026-01-17 06:06:15 Latest version is 1.11.4
2026-01-17 06:06:15 App is up to date.
2026-01-17 07:06:15 Checking for update using Github
2026-01-17 07:06:15 Success.
2026-01-17 07:06:15 Latest version is 1.11.4
2026-01-17 07:06:15 App is up to date.
2026-01-17 08:06:15 Checking for update using Github
2026-01-17 08:06:15 Success.
2026-01-17 08:06:15 Latest version is 1.11.4
2026-01-17 08:06:15 App is up to date.
2026-01-17 17:28:08 Checking for update using Github
2026-01-17 17:28:09 Success.
2026-01-17 17:28:09 Latest version is 1.11.4
2026-01-17 17:28:09 App is up to date.
2026-01-17 18:28:09 Checking for update using Github
2026-01-17 18:28:09 Success.
2026-01-17 18:28:09 Latest version is 1.11.4
2026-01-17 18:28:09 App is up to date.
2026-01-17 19:28:09 Checking for update using Github
2026-01-17 19:28:09 Success.
2026-01-17 19:28:09 Latest version is 1.11.4
2026-01-17 19:28:09 App is up to date.
2026-01-18 00:09:35 Loading main app package /opt/Obsidian/resources/obsidian.asar
2026-01-18 00:09:35 Checking for update using Github
2026-01-18 00:09:35 Success.
2026-01-18 00:09:35 Latest version is 1.11.4
2026-01-18 00:09:35 App is up to date.
2026-01-18 01:09:35 Checking for update using Github
2026-01-18 01:09:35 Success.
2026-01-18 01:09:35 Latest version is 1.11.4
2026-01-18 01:09:35 App is up to date.
2026-01-18 04:20:00 Checking for update using Github
2026-01-18 04:22:42 Loading main app package /opt/Obsidian/resources/obsidian.asar
2026-01-18 04:22:43 Checking for update using Github
2026-01-18 04:22:43 Success.
2026-01-18 04:22:43 Latest version is 1.11.4
2026-01-18 04:22:43 App is up to date.
2026-01-18 06:23:30 Checking for update using Github
2026-01-18 06:23:30 Success.
2026-01-18 06:23:30 Latest version is 1.11.4
2026-01-18 06:23:30 App is up to date.
2026-01-18 07:23:30 Checking for update using Github
2026-01-18 07:23:30 Success.
2026-01-18 07:23:30 Latest version is 1.11.4
2026-01-18 07:23:30 App is up to date.
2026-01-18 17:45:01 Checking for update using Github
2026-01-18 17:45:01 Success.
2026-01-18 17:45:01 Latest version is 1.11.4
2026-01-18 17:45:01 App is up to date.
2026-01-18 19:39:28 Checking for update using Github
2026-01-18 19:39:28 Success.
2026-01-18 19:39:28 Latest version is 1.11.4
2026-01-18 19:39:28 App is up to date.
2026-01-18 21:47:25 Checking for update using Github
2026-01-18 21:47:25 Success.
2026-01-18 21:47:25 Latest version is 1.11.4
2026-01-18 21:47:25 App is up to date.
2026-01-18 23:16:24 Checking for update using Github
2026-01-18 23:16:24 Success.
2026-01-18 23:16:24 Latest version is 1.11.4
2026-01-18 23:16:24 App is up to date.
